*ERROR* 	2015/03/15 - 16:46:52: Table 'eximagen_db1.ex_shop_url' doesn't exist<br /><br /><pre>SELECT s.id_shop, CONCAT(su.physical_uri, su.virtual_uri) AS uri, su.domain, su.main
					FROM ex_shop_url su
					LEFT JOIN ex_shop s ON (s.id_shop = su.id_shop)
					WHERE (su.domain = 'clients.skiify.com' OR su.domain_ssl = 'clients.skiify.com')
						AND s.active = 1
						AND s.deleted = 0
					ORDER BY LENGTH(CONCAT(su.physical_uri, su.virtual_uri)) DESC</pre> at line 635 in file classes/db/Db.php
*ERROR* 	2015/03/15 - 18:27:37: Table 'eximagen_db1.ex_shop_url' doesn't exist<br /><br /><pre>SELECT s.id_shop, CONCAT(su.physical_uri, su.virtual_uri) AS uri, su.domain, su.main
					FROM ex_shop_url su
					LEFT JOIN ex_shop s ON (s.id_shop = su.id_shop)
					WHERE (su.domain = 'clients.skiify.com' OR su.domain_ssl = 'clients.skiify.com')
						AND s.active = 1
						AND s.deleted = 0
					ORDER BY LENGTH(CONCAT(su.physical_uri, su.virtual_uri)) DESC</pre> at line 635 in file classes/db/Db.php
*ERROR* 	2015/03/15 - 18:27:52: Table 'eximagen_db1.ex_shop_url' doesn't exist<br /><br /><pre>SELECT s.id_shop, CONCAT(su.physical_uri, su.virtual_uri) AS uri, su.domain, su.main
					FROM ex_shop_url su
					LEFT JOIN ex_shop s ON (s.id_shop = su.id_shop)
					WHERE (su.domain = 'clients.skiify.com' OR su.domain_ssl = 'clients.skiify.com')
						AND s.active = 1
						AND s.deleted = 0
					ORDER BY LENGTH(CONCAT(su.physical_uri, su.virtual_uri)) DESC</pre> at line 635 in file classes/db/Db.php
*ERROR* 	2015/03/15 - 18:27:57: Table 'eximagen_db1.ex_shop_url' doesn't exist<br /><br /><pre>SELECT s.id_shop, CONCAT(su.physical_uri, su.virtual_uri) AS uri, su.domain, su.main
					FROM ex_shop_url su
					LEFT JOIN ex_shop s ON (s.id_shop = su.id_shop)
					WHERE (su.domain = 'clients.skiify.com' OR su.domain_ssl = 'clients.skiify.com')
						AND s.active = 1
						AND s.deleted = 0
					ORDER BY LENGTH(CONCAT(su.physical_uri, su.virtual_uri)) DESC</pre> at line 635 in file classes/db/Db.php
*ERROR* 	2015/03/15 - 18:28:07: Table 'eximagen_db1.ex_shop_url' doesn't exist<br /><br /><pre>SELECT s.id_shop, CONCAT(su.physical_uri, su.virtual_uri) AS uri, su.domain, su.main
					FROM ex_shop_url su
					LEFT JOIN ex_shop s ON (s.id_shop = su.id_shop)
					WHERE (su.domain = 'clients.skiify.com' OR su.domain_ssl = 'clients.skiify.com')
						AND s.active = 1
						AND s.deleted = 0
					ORDER BY LENGTH(CONCAT(su.physical_uri, su.virtual_uri)) DESC</pre> at line 635 in file classes/db/Db.php
*ERROR* 	2015/03/15 - 18:28:09: Table 'eximagen_db1.ex_shop_url' doesn't exist<br /><br /><pre>SELECT s.id_shop, CONCAT(su.physical_uri, su.virtual_uri) AS uri, su.domain, su.main
					FROM ex_shop_url su
					LEFT JOIN ex_shop s ON (s.id_shop = su.id_shop)
					WHERE (su.domain = 'clients.skiify.com' OR su.domain_ssl = 'clients.skiify.com')
						AND s.active = 1
						AND s.deleted = 0
					ORDER BY LENGTH(CONCAT(su.physical_uri, su.virtual_uri)) DESC</pre> at line 635 in file classes/db/Db.php
